=== RUN   Test1b
12:33:33.343552 [0] listening at [::]:32809
12:33:33.343954 [1] listening at [::]:35521
12:33:33.344302 [2] listening at [::]:33233
12:33:33.344673 [3] listening at [::]:44053
12:33:33.345015 [4] listening at [::]:39287
12:33:33.351782 AT NODE 0: Election timer started: 3.195s, with term=0
12:33:33.351826 AT NODE 2: Election timer started: 4.908s, with term=0
12:33:33.351883 AT NODE 4: Election timer started: 4.973s, with term=0
12:33:33.351874 AT NODE 1: Election timer started: 5.354s, with term=0
12:33:33.351989 AT NODE 3: Election timer started: 3.258s, with term=0
12:33:36.553365 AT NODE 0: became Candidate with term=1;
12:33:36.556105 AT NODE 0: Election timer started: 4.356s, with term=1
12:33:36.556393 AT NODE 0: sending RequestVote to 1: {Term:1 CandidateId:0 LastLogIndex:-1 LastLogTerm:-1 Latency:305}
12:33:36.556436 AT NODE 0: sending RequestVote to 3: {Term:1 CandidateId:0 LastLogIndex:-1 LastLogTerm:-1 Latency:158}
12:33:36.556469 AT NODE 0: sending RequestVote to 2: {Term:1 CandidateId:0 LastLogIndex:-1 LastLogTerm:-1 Latency:456}
12:33:36.556614 AT NODE 0: sending RequestVote to 4: {Term:1 CandidateId:0 LastLogIndex:-1 LastLogTerm:-1 Latency:192}
12:33:36.739839 AT NODE 3: Received Vote Request from NODE 0; Args: {Term:1 CandidateId:0 LastLogIndex:-1 LastLogTerm:-1 Latency:158} [currentTerm=0, votedFor=-1, log index/term=(-1, -1)]
12:33:36.739996 AT NODE 3: became Follower with term=1; log=[]
12:33:36.740576 AT NODE 3: Sending Request Vote Reply: &{Term:1 VoteGranted:true}
12:33:36.740860 AT NODE 3: Election timer started: 5.299s, with term=1
12:33:36.742953 AT NODE 0: received RequestVoteReply from 3: {Term:1 VoteGranted:true}
12:33:36.774631 AT NODE 4: Received Vote Request from NODE 0; Args: {Term:1 CandidateId:0 LastLogIndex:-1 LastLogTerm:-1 Latency:192} [currentTerm=0, votedFor=-1, log index/term=(-1, -1)]
12:33:36.774797 AT NODE 4: became Follower with term=1; log=[]
12:33:36.775232 AT NODE 4: Sending Request Vote Reply: &{Term:1 VoteGranted:true}
12:33:36.775520 AT NODE 4: Election timer started: 4.5s, with term=1
12:33:36.777194 AT NODE 0: received RequestVoteReply from 4: {Term:1 VoteGranted:true}
12:33:36.777369 AT NODE 0: WON THE ELECTION! with 3 votes
12:33:36.777727 AT NODE 0: became Leader; term=1, nextIndex=map[1:0 2:0 3:0 4:0], matchIndex=map[1:-1 2:-1 3:-1 4:-1]; log=[]
12:33:36.841773 AT NODE 1: became Follower with term=1; log=[]
12:33:36.842061 AT NODE 1: Election timer started: 3.137s, with term=1
12:33:36.887473 AT NODE 1: Received Vote Request from NODE 0; Args: {Term:1 CandidateId:0 LastLogIndex:-1 LastLogTerm:-1 Latency:305} [currentTerm=1, votedFor=-1, log index/term=(-1, -1)]
12:33:36.887692 AT NODE 1: Sending Request Vote Reply: &{Term:1 VoteGranted:true}
12:33:36.888689 AT NODE 0: received RequestVoteReply from 1: {Term:1 VoteGranted:true}
12:33:36.888824 AT NODE 0: State changed from Candidate to Leader
12:33:37.037784 AT NODE 2: Received Vote Request from NODE 0; Args: {Term:1 CandidateId:0 LastLogIndex:-1 LastLogTerm:-1 Latency:456} [currentTerm=0, votedFor=-1, log index/term=(-1, -1)]
12:33:37.038127 AT NODE 2: became Follower with term=1; log=[]
12:33:37.038417 AT NODE 2: Sending Request Vote Reply: &{Term:1 VoteGranted:true}
12:33:37.038567 AT NODE 2: Election timer started: 5.329s, with term=1
12:33:37.039633 AT NODE 0: received RequestVoteReply from 2: {Term:1 VoteGranted:true}
12:33:37.039713 AT NODE 0: State changed from Candidate to Leader
12:33:37.105912 [ACTION] Disconnecting 0
12:33:40.043388 AT NODE 1: became Candidate with term=2;
12:33:40.044981 AT NODE 1: sending RequestVote to 0: {Term:2 CandidateId:1 LastLogIndex:-1 LastLogTerm:-1 Latency:474}
12:33:40.045078 AT NODE 1: sending RequestVote to 2: {Term:2 CandidateId:1 LastLogIndex:-1 LastLogTerm:-1 Latency:401}
12:33:40.045258 AT NODE 1: sending RequestVote to 3: {Term:2 CandidateId:1 LastLogIndex:-1 LastLogTerm:-1 Latency:135}
12:33:40.045385 AT NODE 1: sending RequestVote to 4: {Term:2 CandidateId:1 LastLogIndex:-1 LastLogTerm:-1 Latency:116}
12:33:40.044986 AT NODE 1: Election timer started: 4.324s, with term=2
12:33:40.184182 AT NODE 4: Received Vote Request from NODE 1; Args: {Term:2 CandidateId:1 LastLogIndex:-1 LastLogTerm:-1 Latency:116} [currentTerm=1, votedFor=0, log index/term=(-1, -1)]
12:33:40.184354 AT NODE 4: became Follower with term=2; log=[]
12:33:40.184683 AT NODE 4: Sending Request Vote Reply: &{Term:2 VoteGranted:true}
12:33:40.184958 AT NODE 4: Election timer started: 5.3s, with term=2
12:33:40.186512 AT NODE 1: received RequestVoteReply from 4: {Term:2 VoteGranted:true}
12:33:40.202854 AT NODE 3: Received Vote Request from NODE 1; Args: {Term:2 CandidateId:1 LastLogIndex:-1 LastLogTerm:-1 Latency:135} [currentTerm=1, votedFor=0, log index/term=(-1, -1)]
12:33:40.203013 AT NODE 3: became Follower with term=2; log=[]
12:33:40.203337 AT NODE 3: Sending Request Vote Reply: &{Term:2 VoteGranted:true}
12:33:40.203654 AT NODE 3: Election timer started: 3.686s, with term=2
12:33:40.205043 AT NODE 1: received RequestVoteReply from 3: {Term:2 VoteGranted:true}
12:33:40.205187 AT NODE 1: WON THE ELECTION! with 3 votes
12:33:40.205465 AT NODE 1: became Leader; term=2, nextIndex=map[0:0 2:0 3:0 4:0], matchIndex=map[0:-1 2:-1 3:-1 4:-1]; log=[]
12:33:40.469688 AT NODE 2: Received Vote Request from NODE 1; Args: {Term:2 CandidateId:1 LastLogIndex:-1 LastLogTerm:-1 Latency:401} [currentTerm=1, votedFor=0, log index/term=(-1, -1)]
12:33:40.469940 AT NODE 2: became Follower with term=2; log=[]
12:33:40.471265 AT NODE 2: Sending Request Vote Reply: &{Term:2 VoteGranted:true}
12:33:40.471622 AT NODE 2: Election timer started: 3.385s, with term=2
12:33:40.473254 AT NODE 1: received RequestVoteReply from 2: {Term:2 VoteGranted:true}
12:33:40.473331 AT NODE 1: State changed from Candidate to Leader
12:33:40.863019 [ACTION] Disconnecting 1
12:33:44.071836 AT NODE 2: became Candidate with term=3;
12:33:44.073337 AT NODE 2: sending RequestVote to 4: {Term:3 CandidateId:2 LastLogIndex:-1 LastLogTerm:-1 Latency:187}
12:33:44.073456 AT NODE 2: sending RequestVote to 0: {Term:3 CandidateId:2 LastLogIndex:-1 LastLogTerm:-1 Latency:117}
12:33:44.073622 AT NODE 2: sending RequestVote to 3: {Term:3 CandidateId:2 LastLogIndex:-1 LastLogTerm:-1 Latency:125}
12:33:44.073349 AT NODE 2: Election timer started: 3.054s, with term=3
12:33:44.073607 AT NODE 2: sending RequestVote to 1: {Term:3 CandidateId:2 LastLogIndex:-1 LastLogTerm:-1 Latency:409}
12:33:44.222038 AT NODE 3: Received Vote Request from NODE 2; Args: {Term:3 CandidateId:2 LastLogIndex:-1 LastLogTerm:-1 Latency:125} [currentTerm=2, votedFor=1, log index/term=(-1, -1)]
12:33:44.222182 AT NODE 3: became Follower with term=3; log=[]
12:33:44.222513 AT NODE 3: Sending Request Vote Reply: &{Term:3 VoteGranted:true}
12:33:44.222792 AT NODE 3: Election timer started: 3.205s, with term=3
12:33:44.224215 AT NODE 2: received RequestVoteReply from 3: {Term:3 VoteGranted:true}
12:33:44.283749 AT NODE 4: Received Vote Request from NODE 2; Args: {Term:3 CandidateId:2 LastLogIndex:-1 LastLogTerm:-1 Latency:187} [currentTerm=2, votedFor=1, log index/term=(-1, -1)]
12:33:44.283918 AT NODE 4: became Follower with term=3; log=[]
12:33:44.284292 AT NODE 4: Sending Request Vote Reply: &{Term:3 VoteGranted:true}
12:33:44.284669 AT NODE 4: Election timer started: 3.885s, with term=3
12:33:44.286228 AT NODE 2: received RequestVoteReply from 4: {Term:3 VoteGranted:true}
12:33:44.286358 AT NODE 2: WON THE ELECTION! with 3 votes
12:33:44.286626 AT NODE 2: became Leader; term=3, nextIndex=map[0:0 1:0 3:0 4:0], matchIndex=map[0:-1 1:-1 3:-1 4:-1]; log=[]
12:33:44.619920 [ACTION] Disconnecting 2
12:33:47.621362 [ACTION] Reconnecting 0
12:33:47.626716 [ACTION] Reconnecting 1
12:33:47.828287 AT NODE 0: became Follower with term=2; log=[]
12:33:47.828503 AT NODE 0: Election timer started: 4.612s, with term=2
12:33:48.023121 AT NODE 3: became Candidate with term=4;
12:33:48.024633 AT NODE 3: Election timer started: 4.854s, with term=4
12:33:48.024723 AT NODE 3: sending RequestVote to 1: {Term:4 CandidateId:3 LastLogIndex:-1 LastLogTerm:-1 Latency:440}
12:33:48.024682 AT NODE 3: sending RequestVote to 0: {Term:4 CandidateId:3 LastLogIndex:-1 LastLogTerm:-1 Latency:202}
12:33:48.025073 AT NODE 3: sending RequestVote to 4: {Term:4 CandidateId:3 LastLogIndex:-1 LastLogTerm:-1 Latency:143}
12:33:48.024968 AT NODE 3: sending RequestVote to 2: {Term:4 CandidateId:3 LastLogIndex:-1 LastLogTerm:-1 Latency:269}
12:33:48.048279 AT NODE 0: became Follower with term=4; log=[]
12:33:48.048765 AT NODE 0: Election timer started: 3.107s, with term=4
12:33:48.191123 AT NODE 4: Received Vote Request from NODE 3; Args: {Term:4 CandidateId:3 LastLogIndex:-1 LastLogTerm:-1 Latency:143} [currentTerm=3, votedFor=2, log index/term=(-1, -1)]
12:33:48.191188 AT NODE 4: became Follower with term=4; log=[]
12:33:48.191309 AT NODE 4: Sending Request Vote Reply: &{Term:4 VoteGranted:true}
12:33:48.191459 AT NODE 4: Election timer started: 5.952s, with term=4
12:33:48.191894 AT NODE 3: received RequestVoteReply from 4: {Term:4 VoteGranted:true}
12:33:48.249973 AT NODE 0: Received Vote Request from NODE 3; Args: {Term:4 CandidateId:3 LastLogIndex:-1 LastLogTerm:-1 Latency:202} [currentTerm=4, votedFor=-1, log index/term=(-1, -1)]
12:33:48.250183 AT NODE 0: Sending Request Vote Reply: &{Term:4 VoteGranted:true}
12:33:48.252026 AT NODE 3: received RequestVoteReply from 0: {Term:4 VoteGranted:true}
12:33:48.252146 AT NODE 3: WON THE ELECTION! with 3 votes
12:33:48.252369 AT NODE 3: became Leader; term=4, nextIndex=map[0:0 1:0 2:0 4:0], matchIndex=map[0:-1 1:-1 2:-1 4:-1]; log=[]
12:33:48.278018 AT NODE 1: became Follower with term=4; log=[]
12:33:48.278675 AT NODE 1: Election timer started: 5.46s, with term=4
12:33:48.487947 AT NODE 1: Received Vote Request from NODE 3; Args: {Term:4 CandidateId:3 LastLogIndex:-1 LastLogTerm:-1 Latency:440} [currentTerm=4, votedFor=-1, log index/term=(-1, -1)]
12:33:48.488133 AT NODE 1: Sending Request Vote Reply: &{Term:4 VoteGranted:true}
12:33:48.489065 AT NODE 3: received RequestVoteReply from 1: {Term:4 VoteGranted:true}
12:33:48.489207 AT NODE 3: State changed from Candidate to Leader
12:33:59.633401 AT NODE 0: KILLED
12:33:59.633678 AT NODE 0: applyCommitedLogEntries done
12:33:59.633745 AT NODE 1: KILLED
12:33:59.634004 AT NODE 1: applyCommitedLogEntries done
12:33:59.634249 AT NODE 3: KILLED
12:33:59.634449 AT NODE 3: applyCommitedLogEntries done
12:33:59.634638 AT NODE 4: KILLED
12:33:59.634945 AT NODE 4: applyCommitedLogEntries done
--- PASS: Test1b (26.29s)
PASS
ok  	RaftLogReplication	26.322s
