=== RUN   Test3
22:35:52.003019 [0] listening at [::]:44927
22:35:52.003601 [1] listening at [::]:43463
22:35:52.004131 [2] listening at [::]:44183
22:35:52.004760 [3] listening at [::]:43911
22:35:52.005274 [4] listening at [::]:41657
22:35:52.013792 AT NODE 0: Election timer started: 4.716s, with term=0
22:35:52.013822 AT NODE 4: Election timer started: 5.052s, with term=0
22:35:52.013793 AT NODE 2: Election timer started: 4.424s, with term=0
22:35:52.013797 AT NODE 3: Election timer started: 4.319s, with term=0
22:35:52.013857 AT NODE 1: Election timer started: 4.538s, with term=0
22:35:56.414347 AT NODE 3: became Candidate with term=1;
22:35:56.416474 AT NODE 3: Election timer started: 3.027s, with term=1
22:35:56.416706 AT NODE 3: sending RequestVote to 0: {Term:1 CandidateId:3 LastLogIndex:-1 LastLogTerm:-1}
22:35:56.416723 AT NODE 3: sending RequestVote to 4: {Term:1 CandidateId:3 LastLogIndex:-1 LastLogTerm:-1}
22:35:56.416730 AT NODE 3: sending RequestVote to 2: {Term:1 CandidateId:3 LastLogIndex:-1 LastLogTerm:-1}
22:35:56.416795 AT NODE 3: sending RequestVote to 1: {Term:1 CandidateId:3 LastLogIndex:-1 LastLogTerm:-1}
22:35:56.459495 AT NODE 0: Received Vote Request from NODE 3; Args: {Term:1 CandidateId:3 LastLogIndex:-1 LastLogTerm:-1} [currentTerm=0, votedFor=-1, log index/term=(-1, -1)]
22:35:56.460218 AT NODE 0: became Follower with term=1; log=[]
22:35:56.460796 AT NODE 0: Sending Request Vote Reply: &{Term:1 VoteGranted:true}
22:35:56.461089 AT NODE 0: Election timer started: 4.527s, with term=1
22:35:56.463207 AT NODE 3: received RequestVoteReply from 0: {Term:1 VoteGranted:true}
22:35:56.538956 AT NODE 1: Received Vote Request from NODE 3; Args: {Term:1 CandidateId:3 LastLogIndex:-1 LastLogTerm:-1} [currentTerm=0, votedFor=-1, log index/term=(-1, -1)]
22:35:56.539128 AT NODE 1: became Follower with term=1; log=[]
22:35:56.539553 AT NODE 1: Sending Request Vote Reply: &{Term:1 VoteGranted:true}
22:35:56.539808 AT NODE 1: Election timer started: 4.19s, with term=1
22:35:56.541189 AT NODE 3: received RequestVoteReply from 1: {Term:1 VoteGranted:true}
22:35:56.541366 AT NODE 3: WON THE ELECTION! with 3 votes
22:35:56.541693 AT NODE 3: became Leader; term=1, nextIndex=map[0:0 1:0 2:0 4:0], matchIndex=map[0:-1 1:-1 2:-1 4:-1]; log=[]
22:35:56.614550 AT NODE 2: became Candidate with term=1;
22:35:56.615248 AT NODE 2: Election timer started: 4.294s, with term=1
22:35:56.615300 AT NODE 2: sending RequestVote to 0: {Term:1 CandidateId:2 LastLogIndex:-1 LastLogTerm:-1}
22:35:56.615394 AT NODE 2: sending RequestVote to 1: {Term:1 CandidateId:2 LastLogIndex:-1 LastLogTerm:-1}
22:35:56.615465 AT NODE 2: sending RequestVote to 3: {Term:1 CandidateId:2 LastLogIndex:-1 LastLogTerm:-1}
22:35:56.615262 AT NODE 2: sending RequestVote to 4: {Term:1 CandidateId:2 LastLogIndex:-1 LastLogTerm:-1}
22:35:56.636160 AT NODE 2: became Follower with term=1; log=[]
22:35:56.636511 AT NODE 2: Election timer started: 5.296s, with term=1
22:35:56.669429 AT NODE 2: Received Vote Request from NODE 3; Args: {Term:1 CandidateId:3 LastLogIndex:-1 LastLogTerm:-1} [currentTerm=1, votedFor=-1, log index/term=(-1, -1)]
22:35:56.669517 AT NODE 2: Sending Request Vote Reply: &{Term:1 VoteGranted:true}
22:35:56.669908 AT NODE 3: received RequestVoteReply from 2: {Term:1 VoteGranted:true}
22:35:56.669980 AT NODE 3: State changed from Candidate to Leader
22:35:56.690228 AT NODE 0: Received Vote Request from NODE 2; Args: {Term:1 CandidateId:2 LastLogIndex:-1 LastLogTerm:-1} [currentTerm=1, votedFor=3, log index/term=(-1, -1)]
22:35:56.690323 AT NODE 0: Sending Request Vote Reply: &{Term:1 VoteGranted:false}
22:35:56.691078 AT NODE 2: received RequestVoteReply from 0: {Term:1 VoteGranted:false}
22:35:56.691151 AT NODE 2: State changed from Candidate to Follower
22:35:56.709452 AT NODE 1: Received Vote Request from NODE 2; Args: {Term:1 CandidateId:2 LastLogIndex:-1 LastLogTerm:-1} [currentTerm=1, votedFor=3, log index/term=(-1, -1)]
22:35:56.709618 AT NODE 1: Sending Request Vote Reply: &{Term:1 VoteGranted:false}
22:35:56.711048 AT NODE 2: received RequestVoteReply from 1: {Term:1 VoteGranted:false}
22:35:56.711197 AT NODE 2: State changed from Candidate to Follower
22:35:56.837616 AT NODE 4: Received Vote Request from NODE 2; Args: {Term:1 CandidateId:2 LastLogIndex:-1 LastLogTerm:-1} [currentTerm=0, votedFor=-1, log index/term=(-1, -1)]
22:35:56.837683 AT NODE 4: became Follower with term=1; log=[]
22:35:56.837826 AT NODE 4: Sending Request Vote Reply: &{Term:1 VoteGranted:true}
22:35:56.837954 AT NODE 4: Election timer started: 3.333s, with term=1
22:35:56.838542 AT NODE 2: received RequestVoteReply from 4: {Term:1 VoteGranted:true}
22:35:56.838586 AT NODE 2: State changed from Candidate to Follower
22:35:56.871319 AT NODE 3: Received Vote Request from NODE 2; Args: {Term:1 CandidateId:2 LastLogIndex:-1 LastLogTerm:-1} [currentTerm=1, votedFor=3, log index/term=(-1, -1)]
22:35:56.871641 AT NODE 3: Sending Request Vote Reply: &{Term:1 VoteGranted:false}
22:35:56.874416 AT NODE 2: received RequestVoteReply from 3: {Term:1 VoteGranted:false}
22:35:56.874559 AT NODE 2: State changed from Candidate to Follower
22:35:56.940034 AT NODE 4: Received Vote Request from NODE 3; Args: {Term:1 CandidateId:3 LastLogIndex:-1 LastLogTerm:-1} [currentTerm=1, votedFor=2, log index/term=(-1, -1)]
22:35:56.940277 AT NODE 4: Sending Request Vote Reply: &{Term:1 VoteGranted:false}
22:35:56.941455 AT NODE 3: received RequestVoteReply from 4: {Term:1 VoteGranted:false}
22:35:56.941596 AT NODE 3: State changed from Candidate to Leader
22:35:57.268256 AT NODE 3: ReceiveClientCommand received by Leader: Set X=3
22:35:57.268318 AT NODE 3:       Log=[{Set X=3 1}]
22:35:57.268348 AT NODE 3: ReceiveClientCommand received by Leader: Set X=5
22:35:57.268377 AT NODE 3:       Log=[{Set X=3 1} {Set X=5 1}]
22:35:57.268397 AT NODE 3: ReceiveClientCommand received by Leader: Set X=6
22:35:57.268432 AT NODE 3:       Log=[{Set X=3 1} {Set X=5 1} {Set X=6 1}]
22:35:57.268450 AT NODE 3: ReceiveClientCommand received by Leader: Set X=X+2
22:35:57.268479 AT NODE 3:       Log=[{Set X=3 1} {Set X=5 1} {Set X=6 1} {Set X=X+2 1}]
22:35:57.268497 AT NODE 3: ReceiveClientCommand received by Leader: Set X=0
22:35:57.268527 AT NODE 3:       Log=[{Set X=3 1} {Set X=5 1} {Set X=6 1} {Set X=X+2 1} {Set X=0 1}]
22:35:57.268545 [ACTION] Disconnecting 3
22:36:00.438530 AT NODE 4: became Candidate with term=2;
22:36:00.439049 AT NODE 4: Election timer started: 4.597s, with term=2
22:36:00.439063 AT NODE 4: sending RequestVote to 0: {Term:2 CandidateId:4 LastLogIndex:-1 LastLogTerm:-1}
22:36:00.439146 AT NODE 4: sending RequestVote to 2: {Term:2 CandidateId:4 LastLogIndex:-1 LastLogTerm:-1}
22:36:00.439260 AT NODE 4: sending RequestVote to 3: {Term:2 CandidateId:4 LastLogIndex:-1 LastLogTerm:-1}
22:36:00.439105 AT NODE 4: sending RequestVote to 1: {Term:2 CandidateId:4 LastLogIndex:-1 LastLogTerm:-1}
22:36:00.625535 AT NODE 0: Received Vote Request from NODE 4; Args: {Term:2 CandidateId:4 LastLogIndex:-1 LastLogTerm:-1} [currentTerm=1, votedFor=3, log index/term=(-1, -1)]
22:36:00.625655 AT NODE 0: became Follower with term=2; log=[]
22:36:00.625833 AT NODE 0: Sending Request Vote Reply: &{Term:2 VoteGranted:true}
22:36:00.626001 AT NODE 0: Election timer started: 4.703s, with term=2
22:36:00.626948 AT NODE 4: received RequestVoteReply from 0: {Term:2 VoteGranted:true}
22:36:00.885246 AT NODE 2: Received Vote Request from NODE 4; Args: {Term:2 CandidateId:4 LastLogIndex:-1 LastLogTerm:-1} [currentTerm=1, votedFor=3, log index/term=(-1, -1)]
22:36:00.885296 AT NODE 2: became Follower with term=2; log=[]
22:36:00.885380 AT NODE 2: Sending Request Vote Reply: &{Term:2 VoteGranted:true}
22:36:00.885510 AT NODE 2: Election timer started: 5.697s, with term=2
22:36:00.885792 AT NODE 4: received RequestVoteReply from 2: {Term:2 VoteGranted:true}
22:36:00.885822 AT NODE 4: WON THE ELECTION! with 3 votes
22:36:00.885877 AT NODE 4: became Leader; term=2, nextIndex=map[0:0 1:0 2:0 3:0], matchIndex=map[0:-1 1:-1 2:-1 3:-1]; log=[]
22:36:00.933078 AT NODE 1: Received Vote Request from NODE 4; Args: {Term:2 CandidateId:4 LastLogIndex:-1 LastLogTerm:-1} [currentTerm=1, votedFor=3, log index/term=(-1, -1)]
22:36:00.933138 AT NODE 1: became Follower with term=2; log=[]
22:36:00.933239 AT NODE 1: Sending Request Vote Reply: &{Term:2 VoteGranted:true}
22:36:00.933364 AT NODE 1: Election timer started: 4.152s, with term=2
22:36:00.933729 AT NODE 4: received RequestVoteReply from 1: {Term:2 VoteGranted:true}
22:36:00.933777 AT NODE 4: State changed from Candidate to Leader
22:36:01.022427 AT NODE 4: ReceiveClientCommand received by Leader: Set X = 49
22:36:01.022560 AT NODE 4:       Log=[{Set X = 49 2}]
22:36:01.022747 AT NODE 4: ReceiveClientCommand received by Leader: Set Y = 62
22:36:01.022847 AT NODE 4:       Log=[{Set X = 49 2} {Set Y = 62 2}]
22:36:01.022919 AT NODE 4: ReceiveClientCommand received by Leader: Set X = 73
22:36:01.023025 AT NODE 4:       Log=[{Set X = 49 2} {Set Y = 62 2} {Set X = 73 2}]
22:36:01.023095 AT NODE 4: ReceiveClientCommand received by Leader: Set X = 433
22:36:01.023200 AT NODE 4:       Log=[{Set X = 49 2} {Set Y = 62 2} {Set X = 73 2} {Set X = 433 2}]
22:36:01.023279 AT NODE 4: ReceiveClientCommand received by Leader: Set Y = 510
22:36:01.023424 AT NODE 4:       Log=[{Set X = 49 2} {Set Y = 62 2} {Set X = 73 2} {Set X = 433 2} {Set Y = 510 2}]
22:36:01.887212 AT NODE 4: sending AppendEntries to 1: ni=0, args={Term:2 LeaderId:4 PrevLogIndex:-1 PrevLogTerm:-1 Entries:[{Command:Set X = 49 Term:2} {Command:Set Y = 62 Term:2} {Command:Set X = 73 Term:2} {Command:Set X = 433 Term:2} {Command:Set Y = 510 Term:2}] LeaderCommit:-1}
22:36:01.887273 AT NODE 4: sending AppendEntries to 0: ni=0, args={Term:2 LeaderId:4 PrevLogIndex:-1 PrevLogTerm:-1 Entries:[{Command:Set X = 49 Term:2} {Command:Set Y = 62 Term:2} {Command:Set X = 73 Term:2} {Command:Set X = 433 Term:2} {Command:Set Y = 510 Term:2}] LeaderCommit:-1}
22:36:01.887606 AT NODE 4: sending AppendEntries to 3: ni=0, args={Term:2 LeaderId:4 PrevLogIndex:-1 PrevLogTerm:-1 Entries:[{Command:Set X = 49 Term:2} {Command:Set Y = 62 Term:2} {Command:Set X = 73 Term:2} {Command:Set X = 433 Term:2} {Command:Set Y = 510 Term:2}] LeaderCommit:-1}
22:36:01.887468 AT NODE 4: sending AppendEntries to 2: ni=0, args={Term:2 LeaderId:4 PrevLogIndex:-1 PrevLogTerm:-1 Entries:[{Command:Set X = 49 Term:2} {Command:Set Y = 62 Term:2} {Command:Set X = 73 Term:2} {Command:Set X = 433 Term:2} {Command:Set Y = 510 Term:2}] LeaderCommit:-1}
22:36:02.019460 AT NODE 2: Received AppendEntries from NODE 4; args: {Term:2 LeaderId:4 PrevLogIndex:-1 PrevLogTerm:-1 Entries:[{Command:Set X = 49 Term:2} {Command:Set Y = 62 Term:2} {Command:Set X = 73 Term:2} {Command:Set X = 433 Term:2} {Command:Set Y = 510 Term:2}] LeaderCommit:-1}
22:36:02.019842 AT NODE 2: Log is now: [{Set X = 49 2} {Set Y = 62 2} {Set X = 73 2} {Set X = 433 2} {Set Y = 510 2}]
22:36:02.019980 AT NODE 2: Sending AppendEntries reply: {Term:2 Success:true}
22:36:02.020785 AT NODE 4: AppendEntries reply from 2 success: nextIndex := map[0:0 1:0 2:5 3:0], matchIndex := map[0:-1 1:-1 2:4 3:-1]
22:36:02.332192 AT NODE 0: Received AppendEntries from NODE 4; args: {Term:2 LeaderId:4 PrevLogIndex:-1 PrevLogTerm:-1 Entries:[{Command:Set X = 49 Term:2} {Command:Set Y = 62 Term:2} {Command:Set X = 73 Term:2} {Command:Set X = 433 Term:2} {Command:Set Y = 510 Term:2}] LeaderCommit:-1}
22:36:02.332388 AT NODE 0: Log is now: [{Set X = 49 2} {Set Y = 62 2} {Set X = 73 2} {Set X = 433 2} {Set Y = 510 2}]
22:36:02.332492 AT NODE 0: Sending AppendEntries reply: {Term:2 Success:true}
22:36:02.332948 AT NODE 4: AppendEntries reply from 0 success: nextIndex := map[0:5 1:0 2:5 3:0], matchIndex := map[0:4 1:-1 2:4 3:-1]
22:36:02.333054 AT NODE 4: leader sets commitIndex := 4
22:36:02.887428 AT NODE 4: sending AppendEntries to 1: ni=0, args={Term:2 LeaderId:4 PrevLogIndex:-1 PrevLogTerm:-1 Entries:[{Command:Set X = 49 Term:2} {Command:Set Y = 62 Term:2} {Command:Set X = 73 Term:2} {Command:Set X = 433 Term:2} {Command:Set Y = 510 Term:2}] LeaderCommit:4}
22:36:02.887633 AT NODE 4: sending AppendEntries to 3: ni=0, args={Term:2 LeaderId:4 PrevLogIndex:-1 PrevLogTerm:-1 Entries:[{Command:Set X = 49 Term:2} {Command:Set Y = 62 Term:2} {Command:Set X = 73 Term:2} {Command:Set X = 433 Term:2} {Command:Set Y = 510 Term:2}] LeaderCommit:4}
22:36:03.308716 AT NODE 1: Received AppendEntries from NODE 4; args: {Term:2 LeaderId:4 PrevLogIndex:-1 PrevLogTerm:-1 Entries:[{Command:Set X = 49 Term:2} {Command:Set Y = 62 Term:2} {Command:Set X = 73 Term:2} {Command:Set X = 433 Term:2} {Command:Set Y = 510 Term:2}] LeaderCommit:4}
22:36:03.308791 AT NODE 1: Log is now: [{Set X = 49 2} {Set Y = 62 2} {Set X = 73 2} {Set X = 433 2} {Set Y = 510 2}]
22:36:03.308832 AT NODE 1: Sending AppendEntries reply: {Term:2 Success:true}
22:36:03.309106 AT NODE 4: AppendEntries reply from 1 success: nextIndex := map[0:5 1:5 2:5 3:0], matchIndex := map[0:4 1:4 2:4 3:-1]
22:36:03.886642 AT NODE 4: sending AppendEntries to 3: ni=0, args={Term:2 LeaderId:4 PrevLogIndex:-1 PrevLogTerm:-1 Entries:[{Command:Set X = 49 Term:2} {Command:Set Y = 62 Term:2} {Command:Set X = 73 Term:2} {Command:Set X = 433 Term:2} {Command:Set Y = 510 Term:2}] LeaderCommit:4}
22:36:04.886922 AT NODE 4: sending AppendEntries to 3: ni=0, args={Term:2 LeaderId:4 PrevLogIndex:-1 PrevLogTerm:-1 Entries:[{Command:Set X = 49 Term:2} {Command:Set Y = 62 Term:2} {Command:Set X = 73 Term:2} {Command:Set X = 433 Term:2} {Command:Set Y = 510 Term:2}] LeaderCommit:4}
22:36:05.886989 AT NODE 4: sending AppendEntries to 3: ni=0, args={Term:2 LeaderId:4 PrevLogIndex:-1 PrevLogTerm:-1 Entries:[{Command:Set X = 49 Term:2} {Command:Set Y = 62 Term:2} {Command:Set X = 73 Term:2} {Command:Set X = 433 Term:2} {Command:Set Y = 510 Term:2}] LeaderCommit:4}
22:36:06.887242 AT NODE 4: sending AppendEntries to 3: ni=0, args={Term:2 LeaderId:4 PrevLogIndex:-1 PrevLogTerm:-1 Entries:[{Command:Set X = 49 Term:2} {Command:Set Y = 62 Term:2} {Command:Set X = 73 Term:2} {Command:Set X = 433 Term:2} {Command:Set Y = 510 Term:2}] LeaderCommit:4}
22:36:07.024469 [ACTION] Reconnecting 3
22:36:07.542828 AT NODE 3: sending AppendEntries to 0: ni=0, args={Term:1 LeaderId:3 PrevLogIndex:-1 PrevLogTerm:-1 Entries:[{Command:Set X=3 Term:1} {Command:Set X=5 Term:1} {Command:Set X=6 Term:1} {Command:Set X=X+2 Term:1} {Command:Set X=0 Term:1}] LeaderCommit:-1}
22:36:07.542911 AT NODE 3: sending AppendEntries to 2: ni=0, args={Term:1 LeaderId:3 PrevLogIndex:-1 PrevLogTerm:-1 Entries:[{Command:Set X=3 Term:1} {Command:Set X=5 Term:1} {Command:Set X=6 Term:1} {Command:Set X=X+2 Term:1} {Command:Set X=0 Term:1}] LeaderCommit:-1}
22:36:07.542881 AT NODE 3: sending AppendEntries to 1: ni=0, args={Term:1 LeaderId:3 PrevLogIndex:-1 PrevLogTerm:-1 Entries:[{Command:Set X=3 Term:1} {Command:Set X=5 Term:1} {Command:Set X=6 Term:1} {Command:Set X=X+2 Term:1} {Command:Set X=0 Term:1}] LeaderCommit:-1}
22:36:07.542927 AT NODE 3: sending AppendEntries to 4: ni=0, args={Term:1 LeaderId:3 PrevLogIndex:-1 PrevLogTerm:-1 Entries:[{Command:Set X=3 Term:1} {Command:Set X=5 Term:1} {Command:Set X=6 Term:1} {Command:Set X=X+2 Term:1} {Command:Set X=0 Term:1}] LeaderCommit:-1}
22:36:07.599743 AT NODE 1: Received AppendEntries from NODE 3; args: {Term:1 LeaderId:3 PrevLogIndex:-1 PrevLogTerm:-1 Entries:[{Command:Set X=3 Term:1} {Command:Set X=5 Term:1} {Command:Set X=6 Term:1} {Command:Set X=X+2 Term:1} {Command:Set X=0 Term:1}] LeaderCommit:-1}
22:36:07.599913 AT NODE 1: Sending AppendEntries reply: {Term:2 Success:false}
22:36:07.601205 AT NODE 3: became Follower with term=2; log=[{Set X=3 1} {Set X=5 1} {Set X=6 1} {Set X=X+2 1} {Set X=0 1}]
22:36:07.601567 AT NODE 3: Election timer started: 5.866s, with term=2
22:36:07.853596 AT NODE 2: Received AppendEntries from NODE 3; args: {Term:1 LeaderId:3 PrevLogIndex:-1 PrevLogTerm:-1 Entries:[{Command:Set X=3 Term:1} {Command:Set X=5 Term:1} {Command:Set X=6 Term:1} {Command:Set X=X+2 Term:1} {Command:Set X=0 Term:1}] LeaderCommit:-1}
22:36:07.853832 AT NODE 2: Sending AppendEntries reply: {Term:2 Success:false}
22:36:07.875124 AT NODE 4: Received AppendEntries from NODE 3; args: {Term:1 LeaderId:3 PrevLogIndex:-1 PrevLogTerm:-1 Entries:[{Command:Set X=3 Term:1} {Command:Set X=5 Term:1} {Command:Set X=6 Term:1} {Command:Set X=X+2 Term:1} {Command:Set X=0 Term:1}] LeaderCommit:-1}
22:36:07.875448 AT NODE 4: Sending AppendEntries reply: {Term:2 Success:false}
22:36:07.887712 AT NODE 4: sending AppendEntries to 3: ni=0, args={Term:2 LeaderId:4 PrevLogIndex:-1 PrevLogTerm:-1 Entries:[{Command:Set X = 49 Term:2} {Command:Set Y = 62 Term:2} {Command:Set X = 73 Term:2} {Command:Set X = 433 Term:2} {Command:Set Y = 510 Term:2}] LeaderCommit:4}
22:36:08.065464 AT NODE 3: Received AppendEntries from NODE 4; args: {Term:2 LeaderId:4 PrevLogIndex:-1 PrevLogTerm:-1 Entries:[{Command:Set X = 49 Term:2} {Command:Set Y = 62 Term:2} {Command:Set X = 73 Term:2} {Command:Set X = 433 Term:2} {Command:Set Y = 510 Term:2}] LeaderCommit:4}
22:36:08.065550 AT NODE 3: Log is now: [{Set X = 49 2} {Set Y = 62 2} {Set X = 73 2} {Set X = 433 2} {Set Y = 510 2}]
22:36:08.065593 AT NODE 3: Sending AppendEntries reply: {Term:2 Success:true}
22:36:08.066135 AT NODE 4: AppendEntries reply from 3 success: nextIndex := map[0:5 1:5 2:5 3:5], matchIndex := map[0:4 1:4 2:4 3:4]
22:36:10.027961 AT NODE 0: becomes Dead
22:36:10.028027 AT NODE 0: applyCommitedLogEntries done
22:36:10.293977 AT NODE 1: becomes Dead
22:36:10.294332 AT NODE 1: applyCommitedLogEntries done
22:36:10.294346 AT NODE 2: becomes Dead
22:36:10.294924 AT NODE 2: applyCommitedLogEntries done
22:36:10.295074 AT NODE 3: becomes Dead
22:36:10.295309 AT NODE 3: applyCommitedLogEntries done
22:36:10.295497 AT NODE 4: becomes Dead
22:36:10.295747 AT NODE 4: applyCommitedLogEntries done
--- PASS: Test3 (18.29s)
PASS
ok  	RaftLogReplication	18.334s
